2014-04-27 13:03:56,069 - [INFO] - from play in pool-31-thread-2 
Listening for HTTP on /0:0:0:0:0:0:0:0:9000

2014-04-27 13:04:08,234 - [WARN] - from play in play-internal-execution-context-1 
Plugin [plugins.S3Plugin] is disabled

2014-04-27 13:04:08,434 - [INFO] - from play in play-internal-execution-context-1 
Application started (Dev)

2014-04-27 13:04:11,950 - [ERROR] - from models.EnrichedImage in play-akka.actor.default-dispatcher-2 

java.io.FileNotFoundException: C:\Users\noone\AppData\Local\Temp\multipartBody1295256107341241615asTemporaryFile (The system cannot find the file specified)
	at java.io.FileInputStream.open(Native Method) ~[na:1.8.0]
	at java.io.FileInputStream.<init>(FileInputStream.java:131) ~[na:1.8.0]
	at com.drew.imaging.ImageMetadataReader.readMetadata(ImageMetadataReader.java:86) ~[na:na]
	at models.EnrichedImage.refreshMetadata(EnrichedImage.java:34) ~[classes/:na]
	at models.EnrichedImage.<init>(EnrichedImage.java:29) ~[classes/:na]
	at models.LocalMemoryEnrichedImageRepository.loadFile(LocalMemoryEnrichedImageRepository.java:47) ~[classes/:na]
	at controllers.Upload.upload(Upload.java:54) [classes/:na]
	at Routes$$anonfun$routes$1$$anonfun$applyOrElse$10$$anonfun$apply$20.apply(routes_routing.scala:161) [classes/:na]
	at Routes$$anonfun$routes$1$$anonfun$applyOrElse$10$$anonfun$apply$20.apply(routes_routing.scala:161) [classes/:na]
	at play.core.Router$HandlerInvoker$$anon$7$$anon$2.invocation(Router.scala:183) [na:na]
	at play.core.Router$Routes$$anon$1.invocation(Router.scala:377) [na:na]
	at play.core.j.JavaAction$$anon$1.call(JavaAction.scala:56) [na:na]
	at play.core.j.JavaAction$$anon$3.apply(JavaAction.scala:91) [na:na]
	at play.core.j.JavaAction$$anon$3.apply(JavaAction.scala:90) [na:na]
	at play.core.j.FPromiseHelper$$anonfun$flatMap$1.apply(FPromiseHelper.scala:82) [na:na]
	at play.core.j.FPromiseHelper$$anonfun$flatMap$1.apply(FPromiseHelper.scala:82) [na:na]
	at scala.concurrent.Future$$anonfun$flatMap$1.apply(Future.scala:251) [na:na]
	at scala.concurrent.Future$$anonfun$flatMap$1.apply(Future.scala:249) [na:na]
	at com.typesafe.trace.FutureCallback.apply(FutureTrace.scala:136) [na:na]
	at com.typesafe.trace.FutureCallback.apply(FutureTrace.scala:127) [na:na]
	at scala.concurrent.impl.CallbackRunnable.run(Promise.scala:32) [na:na]
	at play.core.j.HttpExecutionContext$$anon$2.run(HttpExecutionContext.scala:37) [na:na]
	at akka.dispatch.TaskInvocation.run(AbstractDispatcher.scala:39) [na:na]
	at akka.dispatch.ForkJoinExecutorConfigurator$AkkaForkJoinTask.exec(AbstractDispatcher.scala:385) [na:na]
	at scala.concurrent.forkjoin.ForkJoinTask.doExec(ForkJoinTask.java:260) [na:na]
	at scala.concurrent.forkjoin.ForkJoinPool$WorkQueue.runTask(ForkJoinPool.java:1339) [na:na]
	at scala.concurrent.forkjoin.ForkJoinPool.runWorker(ForkJoinPool.java:1979) [na:na]
	at scala.concurrent.forkjoin.ForkJoinWorkerThread.run(ForkJoinWorkerThread.java:107) [na:na]

2014-04-27 13:05:18,143 - [ERROR] - from models.EnrichedImage in play-akka.actor.default-dispatcher-6 

java.io.FileNotFoundException: C:\Users\noone\AppData\Local\Temp\multipartBody6869689064170998902asTemporaryFile (The system cannot find the file specified)
	at java.io.FileInputStream.open(Native Method) ~[na:1.8.0]
	at java.io.FileInputStream.<init>(FileInputStream.java:131) ~[na:1.8.0]
	at com.drew.imaging.ImageMetadataReader.readMetadata(ImageMetadataReader.java:86) ~[na:na]
	at models.EnrichedImage.refreshMetadata(EnrichedImage.java:34) ~[classes/:na]
	at models.EnrichedImage.<init>(EnrichedImage.java:29) ~[classes/:na]
	at models.LocalMemoryEnrichedImageRepository.loadFile(LocalMemoryEnrichedImageRepository.java:47) ~[classes/:na]
	at controllers.Upload.upload(Upload.java:54) [classes/:na]
	at Routes$$anonfun$routes$1$$anonfun$applyOrElse$10$$anonfun$apply$20.apply(routes_routing.scala:161) [classes/:na]
	at Routes$$anonfun$routes$1$$anonfun$applyOrElse$10$$anonfun$apply$20.apply(routes_routing.scala:161) [classes/:na]
	at play.core.Router$HandlerInvoker$$anon$7$$anon$2.invocation(Router.scala:183) [na:na]
	at play.core.Router$Routes$$anon$1.invocation(Router.scala:377) [na:na]
	at play.core.j.JavaAction$$anon$1.call(JavaAction.scala:56) [na:na]
	at play.core.j.JavaAction$$anon$3.apply(JavaAction.scala:91) [na:na]
	at play.core.j.JavaAction$$anon$3.apply(JavaAction.scala:90) [na:na]
	at play.core.j.FPromiseHelper$$anonfun$flatMap$1.apply(FPromiseHelper.scala:82) [na:na]
	at play.core.j.FPromiseHelper$$anonfun$flatMap$1.apply(FPromiseHelper.scala:82) [na:na]
	at scala.concurrent.Future$$anonfun$flatMap$1.apply(Future.scala:251) [na:na]
	at scala.concurrent.Future$$anonfun$flatMap$1.apply(Future.scala:249) [na:na]
	at com.typesafe.trace.FutureCallback.apply(FutureTrace.scala:136) [na:na]
	at com.typesafe.trace.FutureCallback.apply(FutureTrace.scala:127) [na:na]
	at scala.concurrent.impl.CallbackRunnable.run(Promise.scala:32) [na:na]
	at play.core.j.HttpExecutionContext$$anon$2.run(HttpExecutionContext.scala:37) [na:na]
	at akka.dispatch.TaskInvocation.run(AbstractDispatcher.scala:39) [na:na]
	at akka.dispatch.ForkJoinExecutorConfigurator$AkkaForkJoinTask.exec(AbstractDispatcher.scala:385) [na:na]
	at scala.concurrent.forkjoin.ForkJoinTask.doExec(ForkJoinTask.java:260) [na:na]
	at scala.concurrent.forkjoin.ForkJoinPool$WorkQueue.runTask(ForkJoinPool.java:1339) [na:na]
	at scala.concurrent.forkjoin.ForkJoinPool.runWorker(ForkJoinPool.java:1979) [na:na]
	at scala.concurrent.forkjoin.ForkJoinWorkerThread.run(ForkJoinWorkerThread.java:107) [na:na]

